Using pre-set license
Built from '2021.3/staging' branch; Version is '2021.3.18f1 (3129e69bc0c7) revision 3221990'; Using compiler version '192829333'; Build Type 'Release'
OS: 'Windows 10  (10.0.19045) 64bit Professional' Language: 'pt' Physical Memory: 16224 MB
BatchMode: 1, IsHumanControllingUs: 0, StartBugReporterOnCrash: 0, Is64bit: 1, IsPro: 1

COMMAND LINE ARGUMENTS:
D:\Arquivos de Programas\Unity\Hub\Editor\2021.3.18f1\Editor\Unity.exe
-adb2
-batchMode
-noUpm
-name
AssetImportWorker0
-projectPath
D:/Arquivos de Programas/GitHub/TheSmellyScavenger
-logFile
Logs/AssetImportWorker0.log
-srvPort
64960
Successfully changed project path to: D:/Arquivos de Programas/GitHub/TheSmellyScavenger
D:/Arquivos de Programas/GitHub/TheSmellyScavenger
[UnityMemory] Configuration Parameters - Can be set up in boot.config
    "memorysetup-bucket-allocator-granularity=16"
    "memorysetup-bucket-allocator-bucket-count=8"
    "memorysetup-bucket-allocator-block-size=33554432"
    "memorysetup-bucket-allocator-block-count=8"
    "memorysetup-main-allocator-block-size=16777216"
    "memorysetup-thread-allocator-block-size=16777216"
    "memorysetup-gfx-main-allocator-block-size=16777216"
    "memorysetup-gfx-thread-allocator-block-size=16777216"
    "memorysetup-cache-allocator-block-size=4194304"
    "memorysetup-typetree-allocator-block-size=2097152"
    "memorysetup-profiler-bucket-allocator-granularity=16"
    "memorysetup-profiler-bucket-allocator-bucket-count=8"
    "memorysetup-profiler-bucket-allocator-block-size=33554432"
    "memorysetup-profiler-bucket-allocator-block-count=8"
    "memorysetup-profiler-allocator-block-size=16777216"
    "memorysetup-profiler-editor-allocator-block-size=1048576"
    "memorysetup-temp-allocator-size-main=16777216"
    "memorysetup-job-temp-allocator-block-size=2097152"
    "memorysetup-job-temp-allocator-block-size-background=1048576"
    "memorysetup-job-temp-allocator-reduction-small-platforms=262144"
    "memorysetup-temp-allocator-size-background-worker=32768"
    "memorysetup-temp-allocator-size-job-worker=262144"
    "memorysetup-temp-allocator-size-preload-manager=33554432"
    "memorysetup-temp-allocator-size-nav-mesh-worker=65536"
    "memorysetup-temp-allocator-size-audio-worker=65536"
    "memorysetup-temp-allocator-size-cloud-worker=32768"
    "memorysetup-temp-allocator-size-gi-baking-worker=262144"
    "memorysetup-temp-allocator-size-gfx=262144"
Player connection [21196] Host "[IP] 192.168.0.104 [Port] 0 [Flags] 2 [Guid] 4200517298 [EditorId] 4200517298 [Version] 1048832 [Id] WindowsEditor(7,PC-Casa) [Debug] 1 [PackageName] WindowsEditor [ProjectName] Editor" joined multi-casting on [225.0.0.222:54997]...

Player connection [21196] Host "[IP] 192.168.0.104 [Port] 0 [Flags] 2 [Guid] 4200517298 [EditorId] 4200517298 [Version] 1048832 [Id] WindowsEditor(7,PC-Casa) [Debug] 1 [PackageName] WindowsEditor [ProjectName] Editor" joined alternative multi-casting on [225.0.0.222:34997]...

Refreshing native plugins compatible for Editor in 130.07 ms, found 7 plugins.
Preloading 0 native plugins for Editor in 0.00 ms.
Initialize engine version: 2021.3.18f1 (3129e69bc0c7)
[Subsystems] Discovering subsystems at path D:/Arquivos de Programas/Unity/Hub/Editor/2021.3.18f1/Editor/Data/Resources/UnitySubsystems
[Subsystems] Discovering subsystems at path D:/Arquivos de Programas/GitHub/TheSmellyScavenger/Assets
GfxDevice: creating device client; threaded=0; jobified=0
Direct3D:
    Version:  Direct3D 11.0 [level 11.1]
    Renderer: NVIDIA GeForce RTX 3050 (ID=0x2507)
    Vendor:   NVIDIA
    VRAM:     8056 MB
    Driver:   31.0.15.3179
Initialize mono
Mono path[0] = 'D:/Arquivos de Programas/Unity/Hub/Editor/2021.3.18f1/Editor/Data/Managed'
Mono path[1] = 'D:/Arquivos de Programas/Unity/Hub/Editor/2021.3.18f1/Editor/Data/MonoBleedingEdge/lib/mono/unityjit-win32'
Mono config path = 'D:/Arquivos de Programas/Unity/Hub/Editor/2021.3.18f1/Editor/Data/MonoBleedingEdge/etc'
Using monoOptions --debugger-agent=transport=dt_socket,embedding=1,server=y,suspend=n,address=127.0.0.1:56900
Begin MonoManager ReloadAssembly
Registering precompiled unity dll's ...
Register platform support module: D:/Arquivos de Programas/Unity/Hub/Editor/2021.3.18f1/Editor/Data/PlaybackEngines/AndroidPlayer/UnityEditor.Android.Extensions.dll
Register platform support module: D:/Arquivos de Programas/Unity/Hub/Editor/2021.3.18f1/Editor/Data/PlaybackEngines/iOSSupport/UnityEditor.iOS.Extensions.dll
Register platform support module: D:/Arquivos de Programas/Unity/Hub/Editor/2021.3.18f1/Editor/Data/PlaybackEngines/AppleTVSupport/UnityEditor.AppleTV.Extensions.dll
Register platform support module: D:/Arquivos de Programas/Unity/Hub/Editor/2021.3.18f1/Editor/Data/PlaybackEngines/WindowsStandaloneSupport/UnityEditor.WindowsStandalone.Extensions.dll
Registered in 0.007245 seconds.
Native extension for WindowsStandalone target not found
[usbmuxd] Start listen thread
[usbmuxd] Listen thread started
Native extension for AppleTV target not found
[usbmuxd] Start listen thread
[usbmuxd] Listen thread started
Native extension for iOS target not found
Native extension for Android target not found
Android Extension - Scanning For ADB Devices 585 ms
Refreshing native plugins compatible for Editor in 124.57 ms, found 7 plugins.
Preloading 0 native plugins for Editor in 0.00 ms.
Mono: successfully reloaded assembly
- Completed reload, in  1.540 seconds
Domain Reload Profiling:
	ReloadAssembly (1541ms)
		BeginReloadAssembly (98ms)
			ExecutionOrderSort (0ms)
			DisableScriptedObjects (0ms)
			BackupInstance (0ms)
			ReleaseScriptingObjects (0ms)
			CreateAndSetChildDomain (1ms)
		EndReloadAssembly (1291ms)
			LoadAssemblies (98ms)
			RebuildTransferFunctionScriptingTraits (0ms)
			SetupTypeCache (163ms)
			ReleaseScriptCaches (0ms)
			RebuildScriptCaches (42ms)
			SetupLoadedEditorAssemblies (1013ms)
				LogAssemblyErrors (0ms)
				InitializePlatformSupportModulesInManaged (695ms)
				SetLoadedEditorAssemblies (0ms)
				RefreshPlugins (125ms)
				BeforeProcessingInitializeOnLoad (2ms)
				ProcessInitializeOnLoadAttributes (130ms)
				ProcessInitializeOnLoadMethodAttributes (61ms)
				AfterProcessingInitializeOnLoad (0ms)
				EditorAssembliesLoaded (0ms)
			ExecutionOrderSort2 (0ms)
			AwakeInstancesAfterBackupRestoration (0ms)
Platform modules already initialized, skipping
Registering precompiled user dll's ...
Registered in 0.005120 seconds.
Begin MonoManager ReloadAssembly
Symbol file LoadedFromMemory doesn't match image D:\Arquivos de Programas\GitHub\TheSmellyScavenger\Library\PackageCache\com.unity.visualscripting@1.8.0\Editor\VisualScripting.Core\Dependencies\YamlDotNet\Unity.VisualScripting.YamlDotNet.dll
Symbol file LoadedFromMemory doesn't match image D:\Arquivos de Programas\GitHub\TheSmellyScavenger\Library\PackageCache\com.unity.visualscripting@1.8.0\Editor\VisualScripting.Core\Dependencies\DotNetZip\Unity.VisualScripting.IonicZip.dll
Native extension for WindowsStandalone target not found
Native extension for AppleTV target not found
Native extension for iOS target not found
Native extension for Android target not found
Refreshing native plugins compatible for Editor in 131.80 ms, found 7 plugins.
Preloading 0 native plugins for Editor in 0.00 ms.
Mono: successfully reloaded assembly
- Completed reload, in  1.648 seconds
Domain Reload Profiling:
	ReloadAssembly (1649ms)
		BeginReloadAssembly (172ms)
			ExecutionOrderSort (0ms)
			DisableScriptedObjects (9ms)
			BackupInstance (0ms)
			ReleaseScriptingObjects (0ms)
			CreateAndSetChildDomain (45ms)
		EndReloadAssembly (1303ms)
			LoadAssemblies (111ms)
			RebuildTransferFunctionScriptingTraits (0ms)
			SetupTypeCache (345ms)
			ReleaseScriptCaches (1ms)
			RebuildScriptCaches (97ms)
			SetupLoadedEditorAssemblies (679ms)
				LogAssemblyErrors (0ms)
				InitializePlatformSupportModulesInManaged (42ms)
				SetLoadedEditorAssemblies (0ms)
				RefreshPlugins (132ms)
				BeforeProcessingInitializeOnLoad (123ms)
				ProcessInitializeOnLoadAttributes (347ms)
				ProcessInitializeOnLoadMethodAttributes (30ms)
				AfterProcessingInitializeOnLoad (5ms)
				EditorAssembliesLoaded (0ms)
			ExecutionOrderSort2 (0ms)
			AwakeInstancesAfterBackupRestoration (8ms)
Platform modules already initialized, skipping
========================================================================
Worker process is ready to serve import requests
Launched and connected shader compiler UnityShaderCompiler.exe after 0.12 seconds
Refreshing native plugins compatible for Editor in 2.12 ms, found 7 plugins.
Preloading 0 native plugins for Editor in 0.00 ms.
Unloading 3671 Unused Serialized files (Serialized files now loaded: 0)
Unloading 46 unused Assets / (0.7 MB). Loaded Objects now: 4147.
Memory consumption went from 147.0 MB to 146.4 MB.
Total: 4.885600 ms (FindLiveObjects: 0.392900 ms CreateObjectMapping: 0.240200 ms MarkObjects: 3.713400 ms  DeleteObjects: 0.538200 ms)

AssetImportParameters requested are different than current active one (requested -> active):
  custom:video-decoder-ogg-theora: a1e56fd34408186e4bbccfd4996cb3dc -> 
  custom:container-muxer-webm: aa71ff27fc2769a1b78a27578f13a17b -> 
  custom:container-demuxer-webm: 4f35f7cbe854078d1ac9338744f61a02 -> 
  custom:video-encoder-webm-vp8: eb34c28f22e8b96e1ab97ce403110664 -> 
  custom:audio-encoder-webm-vorbis: bf7c407c2cedff20999df2af8eb42d56 -> 
  custom:framework-win-MediaFoundation: 216162199b28c13a410421893ffa2e32 -> 
  custom:container-demuxer-ogg: 62fdf1f143b41e24485cea50d1cbac27 -> 
  custom:video-decoder-webm-vp8: 9c59270c3fd7afecdb556c50c9e8de78 -> 
  custom:audio-decoder-ogg-vorbis: bf7c407c2cedff20999df2af8eb42d56 -> 
========================================================================
Received Import Request.
  Time since last request: 470682.080805 seconds.
  path: Assets/ItemColletable/crtlalt#2.fbx
  artifactKey: Guid(4b82f379b2cd3fe4784fbb805d281245) Importer(815301076,1909f56bfc062723c751e8b465ee728b)
Start importing Assets/ItemColletable/crtlalt#2.fbx using Guid(4b82f379b2cd3fe4784fbb805d281245) Importer(815301076,1909f56bfc062723c751e8b465ee728b)  -> (artifact id: '40e7e619628434fc189802eaae207921') in 0.291112 seconds 
========================================================================
Received Import Request.
  Time since last request: 1.927483 seconds.
  path: Assets/ItemColletable/Materials
  artifactKey: Guid(622e6c7be64354b44addb97c53ac330a) Importer(815301076,1909f56bfc062723c751e8b465ee728b)
Start importing Assets/ItemColletable/Materials using Guid(622e6c7be64354b44addb97c53ac330a) Importer(815301076,1909f56bfc062723c751e8b465ee728b)  -> (artifact id: '406ccedd116c96a4bf2e27262cb02c7b') in 0.009524 seconds 
========================================================================
Received Import Request.
  Time since last request: 1689.891374 seconds.
  path: Assets/Cat01.fbx
  artifactKey: Guid(448ea2b0031637840a948f35bbfcb3ce) Importer(815301076,1909f56bfc062723c751e8b465ee728b)
Start importing Assets/Cat01.fbx using Guid(448ea2b0031637840a948f35bbfcb3ce) Importer(815301076,1909f56bfc062723c751e8b465ee728b)  -> (artifact id: 'd50a77ad4bb829d1343f0185f112ccc1') in 0.527598 seconds 
========================================================================
Received Import Request.
  Time since last request: 294.639297 seconds.
  path: Assets/SiuniaevCharacters/01_GamblerCat/Scenes/Showcase.unity
  artifactKey: Guid(3649c7bfdb88f9846905f049324e6339) Importer(815301076,1909f56bfc062723c751e8b465ee728b)
Start importing Assets/SiuniaevCharacters/01_GamblerCat/Scenes/Showcase.unity using Guid(3649c7bfdb88f9846905f049324e6339) Importer(815301076,1909f56bfc062723c751e8b465ee728b)  -> (artifact id: 'b891fb19192d692c03c577f62e1e86e2') in 0.010739 seconds 
========================================================================
Received Prepare
Registering precompiled user dll's ...
Registered in 0.004803 seconds.
Begin MonoManager ReloadAssembly
Symbol file LoadedFromMemory doesn't match image D:\Arquivos de Programas\GitHub\TheSmellyScavenger\Library\PackageCache\com.unity.visualscripting@1.8.0\Editor\VisualScripting.Core\Dependencies\YamlDotNet\Unity.VisualScripting.YamlDotNet.dll
Symbol file LoadedFromMemory doesn't match image D:\Arquivos de Programas\GitHub\TheSmellyScavenger\Library\PackageCache\com.unity.visualscripting@1.8.0\Editor\VisualScripting.Core\Dependencies\DotNetZip\Unity.VisualScripting.IonicZip.dll
Native extension for WindowsStandalone target not found
Native extension for AppleTV target not found
Native extension for iOS target not found
Native extension for Android target not found
Refreshing native plugins compatible for Editor in 1.10 ms, found 7 plugins.
Preloading 0 native plugins for Editor in 0.00 ms.
Mono: successfully reloaded assembly
- Completed reload, in  1.494 seconds
Domain Reload Profiling:
	ReloadAssembly (1495ms)
		BeginReloadAssembly (215ms)
			ExecutionOrderSort (0ms)
			DisableScriptedObjects (14ms)
			BackupInstance (0ms)
			ReleaseScriptingObjects (0ms)
			CreateAndSetChildDomain (63ms)
		EndReloadAssembly (1132ms)
			LoadAssemblies (116ms)
			RebuildTransferFunctionScriptingTraits (0ms)
			SetupTypeCache (365ms)
			ReleaseScriptCaches (2ms)
			RebuildScriptCaches (86ms)
			SetupLoadedEditorAssemblies (504ms)
				LogAssemblyErrors (0ms)
				InitializePlatformSupportModulesInManaged (59ms)
				SetLoadedEditorAssemblies (1ms)
				RefreshPlugins (1ms)
				BeforeProcessingInitializeOnLoad (85ms)
				ProcessInitializeOnLoadAttributes (315ms)
				ProcessInitializeOnLoadMethodAttributes (37ms)
				AfterProcessingInitializeOnLoad (5ms)
				EditorAssembliesLoaded (0ms)
			ExecutionOrderSort2 (0ms)
			AwakeInstancesAfterBackupRestoration (9ms)
Platform modules already initialized, skipping
Refreshing native plugins compatible for Editor in 3.48 ms, found 7 plugins.
Preloading 0 native plugins for Editor in 0.00 ms.
Unloading 3606 Unused Serialized files (Serialized files now loaded: 0)
Unloading 27 unused Assets / (0.5 MB). Loaded Objects now: 4173.
Memory consumption went from 160.1 MB to 159.6 MB.
Total: 4.536700 ms (FindLiveObjects: 0.349700 ms CreateObjectMapping: 0.171500 ms MarkObjects: 3.597600 ms  DeleteObjects: 0.416900 ms)

AssetImportParameters requested are different than current active one (requested -> active):
  custom:video-decoder-ogg-theora: a1e56fd34408186e4bbccfd4996cb3dc -> 
  custom:container-muxer-webm: aa71ff27fc2769a1b78a27578f13a17b -> 
  custom:container-demuxer-webm: 4f35f7cbe854078d1ac9338744f61a02 -> 
  custom:video-encoder-webm-vp8: eb34c28f22e8b96e1ab97ce403110664 -> 
  custom:audio-encoder-webm-vorbis: bf7c407c2cedff20999df2af8eb42d56 -> 
  custom:framework-win-MediaFoundation: 216162199b28c13a410421893ffa2e32 -> 
  custom:container-demuxer-ogg: 62fdf1f143b41e24485cea50d1cbac27 -> 
  custom:video-decoder-webm-vp8: 9c59270c3fd7afecdb556c50c9e8de78 -> 
  custom:audio-decoder-ogg-vorbis: bf7c407c2cedff20999df2af8eb42d56 -> 
========================================================================
Received Import Request.
  Time since last request: 85.237179 seconds.
  path: Assets/Scenes/SampleScene.unity
  artifactKey: Guid(9fc0d4010bbf28b4594072e72b8655ab) Importer(815301076,1909f56bfc062723c751e8b465ee728b)
Start importing Assets/Scenes/SampleScene.unity using Guid(9fc0d4010bbf28b4594072e72b8655ab) Importer(815301076,1909f56bfc062723c751e8b465ee728b)  -> (artifact id: '73364d769616a6d06e3de43e0fdf1b09') in 0.021789 seconds 
========================================================================
Received Import Request.
  Time since last request: 410.401940 seconds.
  path: Assets/ItemColletable/crtlalt2.fbx
  artifactKey: Guid(1ac22bbfea9bf4346afd2b32488d314f) Importer(815301076,1909f56bfc062723c751e8b465ee728b)
Start importing Assets/ItemColletable/crtlalt2.fbx using Guid(1ac22bbfea9bf4346afd2b32488d314f) Importer(815301076,1909f56bfc062723c751e8b465ee728b)  -> (artifact id: 'ce59a6132c72a9e4663ce0b7c22ac607') in 0.179649 seconds 
========================================================================
Received Import Request.
  Time since last request: 35.030434 seconds.
  path: Assets/ItemColletable/crtlalt2.fbx
  artifactKey: Guid(1ac22bbfea9bf4346afd2b32488d314f) Importer(815301076,1909f56bfc062723c751e8b465ee728b)
Start importing Assets/ItemColletable/crtlalt2.fbx using Guid(1ac22bbfea9bf4346afd2b32488d314f) Importer(815301076,1909f56bfc062723c751e8b465ee728b)  -> (artifact id: 'ed0afa76a8bdf0d5c2920b58d8b6607d') in 0.145510 seconds 
========================================================================
Received Import Request.
  Time since last request: 404.088299 seconds.
  path: Assets/SmellyScavangerAudioMixer.mixer
  artifactKey: Guid(e8e0cefb7e42328468b1502e36e01dc3) Importer(815301076,1909f56bfc062723c751e8b465ee728b)
Start importing Assets/SmellyScavangerAudioMixer.mixer using Guid(e8e0cefb7e42328468b1502e36e01dc3) Importer(815301076,1909f56bfc062723c751e8b465ee728b)  -> (artifact id: '7e81c967da50676adf9a9a660d59602b') in 0.017609 seconds 
========================================================================
Received Import Request.
  Time since last request: 17.875565 seconds.
  path: Assets/FBX format
  artifactKey: Guid(fdb568a93e567d94e91338df7ea04e49) Importer(815301076,1909f56bfc062723c751e8b465ee728b)
Start importing Assets/FBX format using Guid(fdb568a93e567d94e91338df7ea04e49) Importer(815301076,1909f56bfc062723c751e8b465ee728b)  -> (artifact id: '6ab014f68a1c62d3ef641e91b24e51a0') in 0.009667 seconds 
========================================================================
Received Import Request.
  Time since last request: 22.241966 seconds.
  path: Assets/kenney_city-kit-suburban
  artifactKey: Guid(fdb568a93e567d94e91338df7ea04e49) Importer(815301076,1909f56bfc062723c751e8b465ee728b)
Start importing Assets/kenney_city-kit-suburban using Guid(fdb568a93e567d94e91338df7ea04e49) Importer(815301076,1909f56bfc062723c751e8b465ee728b)  -> (artifact id: 'cb4916576b1456cc5a1ce73afef13e16') in 0.009050 seconds 
========================================================================
Received Import Request.
  Time since last request: 2.020311 seconds.
  path: Assets/kenney_city-kit-suburban/driveway_long.fbx
  artifactKey: Guid(640b212826a7ea4468a938358a112a93) Importer(815301076,1909f56bfc062723c751e8b465ee728b)
Start importing Assets/kenney_city-kit-suburban/driveway_long.fbx using Guid(640b212826a7ea4468a938358a112a93) Importer(815301076,1909f56bfc062723c751e8b465ee728b)  -> (artifact id: '1d0cad0808dd1abf0cbdd8b96d5edc87') in 0.040968 seconds 
========================================================================
Received Import Request.
  Time since last request: 0.008049 seconds.
  path: Assets/kenney_city-kit-suburban/fence_large.fbx
  artifactKey: Guid(8bd6b9f5d2dbfaa489d3a5ef585a8419) Importer(815301076,1909f56bfc062723c751e8b465ee728b)
Start importing Assets/kenney_city-kit-suburban/fence_large.fbx using Guid(8bd6b9f5d2dbfaa489d3a5ef585a8419) Importer(815301076,1909f56bfc062723c751e8b465ee728b)  -> (artifact id: '5d203415dadaa2264e5cab345eac3cb8') in 0.029434 seconds 
========================================================================
Received Import Request.
  Time since last request: 0.000031 seconds.
  path: Assets/kenney_city-kit-suburban/tree_small.fbx
  artifactKey: Guid(59f69830e8e582746934cad27bb56c58) Importer(815301076,1909f56bfc062723c751e8b465ee728b)
Start importing Assets/kenney_city-kit-suburban/tree_small.fbx using Guid(59f69830e8e582746934cad27bb56c58) Importer(815301076,1909f56bfc062723c751e8b465ee728b)  -> (artifact id: 'fd2b218bbed33133204edfff634f31a7') in 0.036412 seconds 
========================================================================
Received Import Request.
  Time since last request: 0.000029 seconds.
  path: Assets/kenney_city-kit-suburban/fence_open.fbx
  artifactKey: Guid(e4860ce9b17d2fe4593945e60f3882ca) Importer(815301076,1909f56bfc062723c751e8b465ee728b)
Start importing Assets/kenney_city-kit-suburban/fence_open.fbx using Guid(e4860ce9b17d2fe4593945e60f3882ca) Importer(815301076,1909f56bfc062723c751e8b465ee728b)  -> (artifact id: '29f966d8b254e383901ad1176a94895c') in 0.023556 seconds 
========================================================================
Received Import Request.
  Time since last request: 0.000037 seconds.
  path: Assets/kenney_city-kit-suburban/fence_small.fbx
  artifactKey: Guid(ae247f4e0eb196347ada1c3fe911115f) Importer(815301076,1909f56bfc062723c751e8b465ee728b)
Start importing Assets/kenney_city-kit-suburban/fence_small.fbx using Guid(ae247f4e0eb196347ada1c3fe911115f) Importer(815301076,1909f56bfc062723c751e8b465ee728b)  -> (artifact id: 'de2ee74177342cea398afefe44cda62d') in 0.027758 seconds 
========================================================================
Received Import Request.
  Time since last request: 0.000023 seconds.
  path: Assets/kenney_city-kit-suburban/house_type18.fbx
  artifactKey: Guid(15928cb53543e33448ac8bd54e8f4d5e) Importer(815301076,1909f56bfc062723c751e8b465ee728b)
Start importing Assets/kenney_city-kit-suburban/house_type18.fbx using Guid(15928cb53543e33448ac8bd54e8f4d5e) Importer(815301076,1909f56bfc062723c751e8b465ee728b)  -> (artifact id: '4f5ce6ac4c62451364deb59f84d47639') in 0.061401 seconds 
========================================================================
Received Import Request.
  Time since last request: 0.000025 seconds.
  path: Assets/kenney_city-kit-suburban/fence_rectangle.fbx
  artifactKey: Guid(ccc61cc0dc9b65048a3da2e2e2f8564f) Importer(815301076,1909f56bfc062723c751e8b465ee728b)
Start importing Assets/kenney_city-kit-suburban/fence_rectangle.fbx using Guid(ccc61cc0dc9b65048a3da2e2e2f8564f) Importer(815301076,1909f56bfc062723c751e8b465ee728b)  -> (artifact id: 'daf47aca0b5276b05da74f0d2a399716') in 0.031059 seconds 
========================================================================
Received Import Request.
  Time since last request: 0.000023 seconds.
  path: Assets/kenney_city-kit-suburban/house_type13.fbx
  artifactKey: Guid(e9869b87862c4ca428bdbc84f0ece6d0) Importer(815301076,1909f56bfc062723c751e8b465ee728b)
Start importing Assets/kenney_city-kit-suburban/house_type13.fbx using Guid(e9869b87862c4ca428bdbc84f0ece6d0) Importer(815301076,1909f56bfc062723c751e8b465ee728b)  -> (artifact id: 'fd89194c11b40b23ab937d2dbe0a48d6') in 0.055235 seconds 
========================================================================
Received Import Request.
  Time since last request: 0.000027 seconds.
  path: Assets/kenney_city-kit-suburban/house_type12.fbx
  artifactKey: Guid(437f3e169b1f3bf46b92c74c9ba594dc) Importer(815301076,1909f56bfc062723c751e8b465ee728b)
Start importing Assets/kenney_city-kit-suburban/house_type12.fbx using Guid(437f3e169b1f3bf46b92c74c9ba594dc) Importer(815301076,1909f56bfc062723c751e8b465ee728b)  -> (artifact id: '727b3b03d681c27e6c70b64b58e1e3a3') in 0.048206 seconds 
========================================================================
Received Import Request.
  Time since last request: 0.000023 seconds.
  path: Assets/kenney_city-kit-suburban/house_type01.fbx
  artifactKey: Guid(4563007ada26d734cacdf163ccd12133) Importer(815301076,1909f56bfc062723c751e8b465ee728b)
Start importing Assets/kenney_city-kit-suburban/house_type01.fbx using Guid(4563007ada26d734cacdf163ccd12133) Importer(815301076,1909f56bfc062723c751e8b465ee728b)  -> (artifact id: '3d47bb2445fcc98171d5404ead4f7c13') in 0.049930 seconds 
========================================================================
Received Import Request.
  Time since last request: 0.000035 seconds.
  path: Assets/kenney_city-kit-suburban/path_short.fbx
  artifactKey: Guid(6d62ac2b452c1ca4494aec4c8d58f974) Importer(815301076,1909f56bfc062723c751e8b465ee728b)
Start importing Assets/kenney_city-kit-suburban/path_short.fbx using Guid(6d62ac2b452c1ca4494aec4c8d58f974) Importer(815301076,1909f56bfc062723c751e8b465ee728b)  -> (artifact id: 'df8ce13c7805a7b3c386a076b95b755f') in 0.036096 seconds 
========================================================================
Received Import Request.
  Time since last request: 0.000022 seconds.
  path: Assets/kenney_city-kit-suburban/house_type20.fbx
  artifactKey: Guid(6e0c53c92af5f554db4273c07e64b2f1) Importer(815301076,1909f56bfc062723c751e8b465ee728b)
Start importing Assets/kenney_city-kit-suburban/house_type20.fbx using Guid(6e0c53c92af5f554db4273c07e64b2f1) Importer(815301076,1909f56bfc062723c751e8b465ee728b)  -> (artifact id: 'b46d462f9561d47042656a4f56302376') in 0.046586 seconds 
========================================================================
Received Import Request.
  Time since last request: 0.000024 seconds.
  path: Assets/kenney_city-kit-suburban/house_type04.fbx
  artifactKey: Guid(eaf02a30749f8254d848f9b2c728eb3e) Importer(815301076,1909f56bfc062723c751e8b465ee728b)
Start importing Assets/kenney_city-kit-suburban/house_type04.fbx using Guid(eaf02a30749f8254d848f9b2c728eb3e) Importer(815301076,1909f56bfc062723c751e8b465ee728b)  -> (artifact id: '7b13fe5e6338775be6e4a23781add78d') in 0.046523 seconds 
========================================================================
Received Import Request.
  Time since last request: 0.000023 seconds.
  path: Assets/kenney_city-kit-suburban/path_tilesShort.fbx
  artifactKey: Guid(1bf172b4bb2f9fe499b6b66c20137c16) Importer(815301076,1909f56bfc062723c751e8b465ee728b)
Start importing Assets/kenney_city-kit-suburban/path_tilesShort.fbx using Guid(1bf172b4bb2f9fe499b6b66c20137c16) Importer(815301076,1909f56bfc062723c751e8b465ee728b)  -> (artifact id: '25378c744e96d228b72bdd24e19f8af6') in 0.033484 seconds 
========================================================================
Received Import Request.
  Time since last request: 0.000020 seconds.
  path: Assets/kenney_city-kit-suburban/house_type21.fbx
  artifactKey: Guid(09791c95cac35d0459165a199fe3aff3) Importer(815301076,1909f56bfc062723c751e8b465ee728b)
Start importing Assets/kenney_city-kit-suburban/house_type21.fbx using Guid(09791c95cac35d0459165a199fe3aff3) Importer(815301076,1909f56bfc062723c751e8b465ee728b)  -> (artifact id: '06470d3f6fb81b78d93014096cd8a512') in 0.051563 seconds 
========================================================================
Received Import Request.
  Time since last request: 0.000036 seconds.
  path: Assets/kenney_city-kit-suburban/tree_large.fbx
  artifactKey: Guid(445ae00eebf73be409f0225753434cbf) Importer(815301076,1909f56bfc062723c751e8b465ee728b)
Start importing Assets/kenney_city-kit-suburban/tree_large.fbx using Guid(445ae00eebf73be409f0225753434cbf) Importer(815301076,1909f56bfc062723c751e8b465ee728b)  -> (artifact id: '0f6a9280ab8833dc6a0f27a33e0b5a92') in 0.027611 seconds 
========================================================================
Received Import Request.
  Time since last request: 0.000033 seconds.
  path: Assets/kenney_city-kit-suburban/house_type11.fbx
  artifactKey: Guid(1c249b3cd9300c047a98800bab4aa5f7) Importer(815301076,1909f56bfc062723c751e8b465ee728b)
Start importing Assets/kenney_city-kit-suburban/house_type11.fbx using Guid(1c249b3cd9300c047a98800bab4aa5f7) Importer(815301076,1909f56bfc062723c751e8b465ee728b)  -> (artifact id: '75b4045641d7ceca05bb7b088ff2e162') in 0.039336 seconds 
========================================================================
Received Import Request.
  Time since last request: 0.000042 seconds.
  path: Assets/kenney_city-kit-suburban/house_type05.fbx
  artifactKey: Guid(d1e7c797dce4db84a8a53d122ceccb03) Importer(815301076,1909f56bfc062723c751e8b465ee728b)
Start importing Assets/kenney_city-kit-suburban/house_type05.fbx using Guid(d1e7c797dce4db84a8a53d122ceccb03) Importer(815301076,1909f56bfc062723c751e8b465ee728b)  -> (artifact id: 'c37693f9b96f9351dbaed4848638718e') in 0.041294 seconds 
========================================================================
Received Import Request.
  Time since last request: 0.000021 seconds.
  path: Assets/kenney_city-kit-suburban/house_type03.fbx
  artifactKey: Guid(c901b933f9ceb774386ede8f866f58db) Importer(815301076,1909f56bfc062723c751e8b465ee728b)
Start importing Assets/kenney_city-kit-suburban/house_type03.fbx using Guid(c901b933f9ceb774386ede8f866f58db) Importer(815301076,1909f56bfc062723c751e8b465ee728b)  -> (artifact id: 'd022bb88cefbaa56f78fafc9986b8af8') in 0.039330 seconds 
========================================================================
Received Import Request.
  Time since last request: 0.000023 seconds.
  path: Assets/kenney_city-kit-suburban/house_type06.fbx
  artifactKey: Guid(13a5eda8b5e75a54ea9a3ab96698f968) Importer(815301076,1909f56bfc062723c751e8b465ee728b)
Start importing Assets/kenney_city-kit-suburban/house_type06.fbx using Guid(13a5eda8b5e75a54ea9a3ab96698f968) Importer(815301076,1909f56bfc062723c751e8b465ee728b)  -> (artifact id: '423e6c54d292051d54250ca5ad423693') in 0.041638 seconds 
Editor requested this worker to shutdown with reason: Scaling down because of idle timeout
AssetImportWorker is now disconnected from the server
Process exiting
Exiting without the bug reporter. Application will terminate with return code 0