Using pre-set license
Built from '2021.3/staging' branch; Version is '2021.3.18f1 (3129e69bc0c7) revision 3221990'; Using compiler version '192829333'; Build Type 'Release'
OS: 'Windows 10  (10.0.19045) 64bit Professional' Language: 'pt' Physical Memory: 16224 MB
BatchMode: 1, IsHumanControllingUs: 0, StartBugReporterOnCrash: 0, Is64bit: 1, IsPro: 1

COMMAND LINE ARGUMENTS:
D:\Arquivos de Programas\Unity\Hub\Editor\2021.3.18f1\Editor\Unity.exe
-adb2
-batchMode
-noUpm
-name
AssetImportWorker10
-projectPath
D:/Arquivos de Programas/GitHub/TheSmellyScavenger
-logFile
Logs/AssetImportWorker10.log
-srvPort
64960
Successfully changed project path to: D:/Arquivos de Programas/GitHub/TheSmellyScavenger
D:/Arquivos de Programas/GitHub/TheSmellyScavenger
[UnityMemory] Configuration Parameters - Can be set up in boot.config
    "memorysetup-bucket-allocator-granularity=16"
    "memorysetup-bucket-allocator-bucket-count=8"
    "memorysetup-bucket-allocator-block-size=33554432"
    "memorysetup-bucket-allocator-block-count=8"
    "memorysetup-main-allocator-block-size=16777216"
    "memorysetup-thread-allocator-block-size=16777216"
    "memorysetup-gfx-main-allocator-block-size=16777216"
    "memorysetup-gfx-thread-allocator-block-size=16777216"
    "memorysetup-cache-allocator-block-size=4194304"
    "memorysetup-typetree-allocator-block-size=2097152"
    "memorysetup-profiler-bucket-allocator-granularity=16"
    "memorysetup-profiler-bucket-allocator-bucket-count=8"
    "memorysetup-profiler-bucket-allocator-block-size=33554432"
    "memorysetup-profiler-bucket-allocator-block-count=8"
    "memorysetup-profiler-allocator-block-size=16777216"
    "memorysetup-profiler-editor-allocator-block-size=1048576"
    "memorysetup-temp-allocator-size-main=16777216"
    "memorysetup-job-temp-allocator-block-size=2097152"
    "memorysetup-job-temp-allocator-block-size-background=1048576"
    "memorysetup-job-temp-allocator-reduction-small-platforms=262144"
    "memorysetup-temp-allocator-size-background-worker=32768"
    "memorysetup-temp-allocator-size-job-worker=262144"
    "memorysetup-temp-allocator-size-preload-manager=33554432"
    "memorysetup-temp-allocator-size-nav-mesh-worker=65536"
    "memorysetup-temp-allocator-size-audio-worker=65536"
    "memorysetup-temp-allocator-size-cloud-worker=32768"
    "memorysetup-temp-allocator-size-gi-baking-worker=262144"
    "memorysetup-temp-allocator-size-gfx=262144"
Player connection [6396] Host "[IP] 192.168.0.104 [Port] 0 [Flags] 2 [Guid] 102811938 [EditorId] 102811938 [Version] 1048832 [Id] WindowsEditor(7,PC-Casa) [Debug] 1 [PackageName] WindowsEditor [ProjectName] Editor" joined multi-casting on [225.0.0.222:54997]...

Player connection [6396] Host "[IP] 192.168.0.104 [Port] 0 [Flags] 2 [Guid] 102811938 [EditorId] 102811938 [Version] 1048832 [Id] WindowsEditor(7,PC-Casa) [Debug] 1 [PackageName] WindowsEditor [ProjectName] Editor" joined alternative multi-casting on [225.0.0.222:34997]...

Refreshing native plugins compatible for Editor in 116.59 ms, found 7 plugins.
Preloading 0 native plugins for Editor in 0.00 ms.
Initialize engine version: 2021.3.18f1 (3129e69bc0c7)
[Subsystems] Discovering subsystems at path D:/Arquivos de Programas/Unity/Hub/Editor/2021.3.18f1/Editor/Data/Resources/UnitySubsystems
[Subsystems] Discovering subsystems at path D:/Arquivos de Programas/GitHub/TheSmellyScavenger/Assets
GfxDevice: creating device client; threaded=0; jobified=0
Direct3D:
    Version:  Direct3D 11.0 [level 11.1]
    Renderer: NVIDIA GeForce RTX 3050 (ID=0x2507)
    Vendor:   NVIDIA
    VRAM:     8056 MB
    Driver:   31.0.15.3179
Initialize mono
Mono path[0] = 'D:/Arquivos de Programas/Unity/Hub/Editor/2021.3.18f1/Editor/Data/Managed'
Mono path[1] = 'D:/Arquivos de Programas/Unity/Hub/Editor/2021.3.18f1/Editor/Data/MonoBleedingEdge/lib/mono/unityjit-win32'
Mono config path = 'D:/Arquivos de Programas/Unity/Hub/Editor/2021.3.18f1/Editor/Data/MonoBleedingEdge/etc'
Using monoOptions --debugger-agent=transport=dt_socket,embedding=1,server=y,suspend=n,address=127.0.0.1:56096
Begin MonoManager ReloadAssembly
Registering precompiled unity dll's ...
Register platform support module: D:/Arquivos de Programas/Unity/Hub/Editor/2021.3.18f1/Editor/Data/PlaybackEngines/AndroidPlayer/UnityEditor.Android.Extensions.dll
Register platform support module: D:/Arquivos de Programas/Unity/Hub/Editor/2021.3.18f1/Editor/Data/PlaybackEngines/iOSSupport/UnityEditor.iOS.Extensions.dll
Register platform support module: D:/Arquivos de Programas/Unity/Hub/Editor/2021.3.18f1/Editor/Data/PlaybackEngines/AppleTVSupport/UnityEditor.AppleTV.Extensions.dll
Register platform support module: D:/Arquivos de Programas/Unity/Hub/Editor/2021.3.18f1/Editor/Data/PlaybackEngines/WindowsStandaloneSupport/UnityEditor.WindowsStandalone.Extensions.dll
Registered in 0.015869 seconds.
Native extension for WindowsStandalone target not found
[usbmuxd] Start listen thread
[usbmuxd] Listen thread started
Native extension for AppleTV target not found
[usbmuxd] Start listen thread
[usbmuxd] Listen thread started
Native extension for iOS target not found
Native extension for Android target not found
Android Extension - Scanning For ADB Devices 560 ms
Refreshing native plugins compatible for Editor in 127.68 ms, found 7 plugins.
Preloading 0 native plugins for Editor in 0.00 ms.
Mono: successfully reloaded assembly
- Completed reload, in  1.633 seconds
Domain Reload Profiling:
	ReloadAssembly (1634ms)
		BeginReloadAssembly (104ms)
			ExecutionOrderSort (0ms)
			DisableScriptedObjects (0ms)
			BackupInstance (0ms)
			ReleaseScriptingObjects (0ms)
			CreateAndSetChildDomain (1ms)
		EndReloadAssembly (1330ms)
			LoadAssemblies (105ms)
			RebuildTransferFunctionScriptingTraits (0ms)
			SetupTypeCache (196ms)
			ReleaseScriptCaches (0ms)
			RebuildScriptCaches (39ms)
			SetupLoadedEditorAssemblies (1021ms)
				LogAssemblyErrors (0ms)
				InitializePlatformSupportModulesInManaged (680ms)
				SetLoadedEditorAssemblies (0ms)
				RefreshPlugins (128ms)
				BeforeProcessingInitializeOnLoad (2ms)
				ProcessInitializeOnLoadAttributes (146ms)
				ProcessInitializeOnLoadMethodAttributes (65ms)
				AfterProcessingInitializeOnLoad (0ms)
				EditorAssembliesLoaded (0ms)
			ExecutionOrderSort2 (0ms)
			AwakeInstancesAfterBackupRestoration (0ms)
Platform modules already initialized, skipping
Registering precompiled user dll's ...
Registered in 0.005144 seconds.
Begin MonoManager ReloadAssembly
Symbol file LoadedFromMemory doesn't match image D:\Arquivos de Programas\GitHub\TheSmellyScavenger\Library\PackageCache\com.unity.visualscripting@1.8.0\Editor\VisualScripting.Core\Dependencies\YamlDotNet\Unity.VisualScripting.YamlDotNet.dll
Symbol file LoadedFromMemory doesn't match image D:\Arquivos de Programas\GitHub\TheSmellyScavenger\Library\PackageCache\com.unity.visualscripting@1.8.0\Editor\VisualScripting.Core\Dependencies\DotNetZip\Unity.VisualScripting.IonicZip.dll
Native extension for WindowsStandalone target not found
Native extension for AppleTV target not found
Native extension for iOS target not found
Native extension for Android target not found
Refreshing native plugins compatible for Editor in 142.17 ms, found 7 plugins.
Preloading 0 native plugins for Editor in 0.00 ms.
Mono: successfully reloaded assembly
- Completed reload, in  1.607 seconds
Domain Reload Profiling:
	ReloadAssembly (1608ms)
		BeginReloadAssembly (161ms)
			ExecutionOrderSort (0ms)
			DisableScriptedObjects (9ms)
			BackupInstance (0ms)
			ReleaseScriptingObjects (0ms)
			CreateAndSetChildDomain (31ms)
		EndReloadAssembly (1266ms)
			LoadAssemblies (112ms)
			RebuildTransferFunctionScriptingTraits (0ms)
			SetupTypeCache (366ms)
			ReleaseScriptCaches (1ms)
			RebuildScriptCaches (99ms)
			SetupLoadedEditorAssemblies (636ms)
				LogAssemblyErrors (0ms)
				InitializePlatformSupportModulesInManaged (34ms)
				SetLoadedEditorAssemblies (0ms)
				RefreshPlugins (142ms)
				BeforeProcessingInitializeOnLoad (109ms)
				ProcessInitializeOnLoadAttributes (317ms)
				ProcessInitializeOnLoadMethodAttributes (29ms)
				AfterProcessingInitializeOnLoad (5ms)
				EditorAssembliesLoaded (0ms)
			ExecutionOrderSort2 (0ms)
			AwakeInstancesAfterBackupRestoration (8ms)
Platform modules already initialized, skipping
========================================================================
Worker process is ready to serve import requests
Launched and connected shader compiler UnityShaderCompiler.exe after 0.13 seconds
Refreshing native plugins compatible for Editor in 0.96 ms, found 7 plugins.
Preloading 0 native plugins for Editor in 0.00 ms.
Unloading 3637 Unused Serialized files (Serialized files now loaded: 0)
Unloading 46 unused Assets / (0.6 MB). Loaded Objects now: 4113.
Memory consumption went from 146.1 MB to 145.5 MB.
Total: 8.375300 ms (FindLiveObjects: 0.598100 ms CreateObjectMapping: 0.429600 ms MarkObjects: 6.473500 ms  DeleteObjects: 0.872300 ms)

AssetImportParameters requested are different than current active one (requested -> active):
  custom:video-decoder-ogg-theora: a1e56fd34408186e4bbccfd4996cb3dc -> 
  custom:container-muxer-webm: aa71ff27fc2769a1b78a27578f13a17b -> 
  custom:container-demuxer-webm: 4f35f7cbe854078d1ac9338744f61a02 -> 
  custom:video-encoder-webm-vp8: eb34c28f22e8b96e1ab97ce403110664 -> 
  custom:audio-encoder-webm-vorbis: bf7c407c2cedff20999df2af8eb42d56 -> 
  custom:framework-win-MediaFoundation: 216162199b28c13a410421893ffa2e32 -> 
  custom:container-demuxer-ogg: 62fdf1f143b41e24485cea50d1cbac27 -> 
  custom:video-decoder-webm-vp8: 9c59270c3fd7afecdb556c50c9e8de78 -> 
  custom:audio-decoder-ogg-vorbis: bf7c407c2cedff20999df2af8eb42d56 -> 
========================================================================
Received Import Request.
  Time since last request: 475421.160726 seconds.
  path: Assets/TextMesh Pro/Resources/Fonts & Materials/LiberationSans SDF.asset
  artifactKey: Guid(8f586378b4e144a9851e7b34d9b748ee) Importer(815301076,1909f56bfc062723c751e8b465ee728b)
Start importing Assets/TextMesh Pro/Resources/Fonts & Materials/LiberationSans SDF.asset using Guid(8f586378b4e144a9851e7b34d9b748ee) Importer(815301076,1909f56bfc062723c751e8b465ee728b)  -> (artifact id: 'e2b7441ea675a0a066eff0dc1af8851d') in 0.270840 seconds 
========================================================================
Received Import Request.
  Time since last request: 0.338586 seconds.
  path: Assets/PackgeManager/low-poly-city-pack/mailBox/mailBox.psd
  artifactKey: Guid(789eb9a7c99d7fa418e27199ae4b2421) Importer(815301076,1909f56bfc062723c751e8b465ee728b)
Start importing Assets/PackgeManager/low-poly-city-pack/mailBox/mailBox.psd using Guid(789eb9a7c99d7fa418e27199ae4b2421) Importer(815301076,1909f56bfc062723c751e8b465ee728b)  -> (artifact id: 'df0089797237da6675abd61fd2b9d740') in 0.026752 seconds 
========================================================================
Received Import Request.
  Time since last request: 0.435610 seconds.
  path: Packages/com.unity.sequences/Editor/Editor Default Resources/Icons/Dark/MasterSequence/MasterSequence.png
  artifactKey: Guid(53df213998ec3a540b76d6dc98d40b69) Importer(815301076,1909f56bfc062723c751e8b465ee728b)
Start importing Packages/com.unity.sequences/Editor/Editor Default Resources/Icons/Dark/MasterSequence/MasterSequence.png using Guid(53df213998ec3a540b76d6dc98d40b69) Importer(815301076,1909f56bfc062723c751e8b465ee728b)  -> (artifact id: 'cfa85ecffd19dc4687a2edc45d2ed131') in 0.033121 seconds 
========================================================================
Received Import Request.
  Time since last request: 0.039524 seconds.
  path: Packages/com.unity.sequences/Editor/Editor Default Resources/Icons/Dark/MasterSequence/MasterSequence@2x.png
  artifactKey: Guid(e86494a1eb5197b4aa97f4af6da4f06d) Importer(815301076,1909f56bfc062723c751e8b465ee728b)
Start importing Packages/com.unity.sequences/Editor/Editor Default Resources/Icons/Dark/MasterSequence/MasterSequence@2x.png using Guid(e86494a1eb5197b4aa97f4af6da4f06d) Importer(815301076,1909f56bfc062723c751e8b465ee728b)  -> (artifact id: 'c0788ceef468c7e3afebdf889c68afe7') in 0.027319 seconds 
========================================================================
Received Import Request.
  Time since last request: 1.295003 seconds.
  path: Assets/PackgeManager/low-poly-city-pack/newsPaperStand/newsPaperStand.jpg
  artifactKey: Guid(efb3771f4c5563348879b20924f9bbf7) Importer(815301076,1909f56bfc062723c751e8b465ee728b)
Start importing Assets/PackgeManager/low-poly-city-pack/newsPaperStand/newsPaperStand.jpg using Guid(efb3771f4c5563348879b20924f9bbf7) Importer(815301076,1909f56bfc062723c751e8b465ee728b)  -> (artifact id: 'c53d43945d243426d5db872baa3c487e') in 0.029705 seconds 
========================================================================
Received Import Request.
  Time since last request: 0.584092 seconds.
  path: Assets/PackgeManager/low-poly-city-pack/phone/phone.jpg
  artifactKey: Guid(0e9008746f5af0441b5ef09e0f27a707) Importer(815301076,1909f56bfc062723c751e8b465ee728b)
Start importing Assets/PackgeManager/low-poly-city-pack/phone/phone.jpg using Guid(0e9008746f5af0441b5ef09e0f27a707) Importer(815301076,1909f56bfc062723c751e8b465ee728b)  -> (artifact id: '57bce33aa060415a0e8f0a88e3b3e254') in 0.025612 seconds 
========================================================================
Received Import Request.
  Time since last request: 0.080804 seconds.
  path: Packages/com.unity.sequences/Editor/Editor Default Resources/Icons/Common/CollectionType/Photography-selected.png
  artifactKey: Guid(6312a4aea1aaf7849aec416fc686bfce) Importer(815301076,1909f56bfc062723c751e8b465ee728b)
Start importing Packages/com.unity.sequences/Editor/Editor Default Resources/Icons/Common/CollectionType/Photography-selected.png using Guid(6312a4aea1aaf7849aec416fc686bfce) Importer(815301076,1909f56bfc062723c751e8b465ee728b)  -> (artifact id: '2c6de377420726eef8a7e928705692e5') in 0.030870 seconds 
========================================================================
Received Import Request.
  Time since last request: 1.122157 seconds.
  path: Packages/com.unity.sequences/Editor/Editor Default Resources/Icons/Dark/CollectionType/Photography@2x.png
  artifactKey: Guid(40cfb75c1fb5db141b71202886f531c8) Importer(815301076,1909f56bfc062723c751e8b465ee728b)
Start importing Packages/com.unity.sequences/Editor/Editor Default Resources/Icons/Dark/CollectionType/Photography@2x.png using Guid(40cfb75c1fb5db141b71202886f531c8) Importer(815301076,1909f56bfc062723c751e8b465ee728b)  -> (artifact id: 'aad2a04e466d1e2b420c757813981c4d') in 0.020420 seconds 
========================================================================
Received Import Request.
  Time since last request: 0.066020 seconds.
  path: Packages/com.unity.sequences/Editor/Editor Default Resources/Icons/Dark/CollectionType/Prop.png
  artifactKey: Guid(e6993874e027dec4d98475f933bc1d4d) Importer(815301076,1909f56bfc062723c751e8b465ee728b)
Start importing Packages/com.unity.sequences/Editor/Editor Default Resources/Icons/Dark/CollectionType/Prop.png using Guid(e6993874e027dec4d98475f933bc1d4d) Importer(815301076,1909f56bfc062723c751e8b465ee728b)  -> (artifact id: 'b2c02af5074a309b926c7c18b53ae75b') in 0.036211 seconds 
========================================================================
Received Import Request.
  Time since last request: 0.466734 seconds.
  path: Packages/com.unity.sequences/Editor/Editor Default Resources/Icons/Common/CollectionType/Prop-selected@2x.png
  artifactKey: Guid(c3ddf339ae23a494ab0eb5574f27869a) Importer(815301076,1909f56bfc062723c751e8b465ee728b)
Start importing Packages/com.unity.sequences/Editor/Editor Default Resources/Icons/Common/CollectionType/Prop-selected@2x.png using Guid(c3ddf339ae23a494ab0eb5574f27869a) Importer(815301076,1909f56bfc062723c751e8b465ee728b)  -> (artifact id: 'ddf5eca8cfcccbfaf1b41cc150c9f3d2') in 0.030246 seconds 
========================================================================
Received Import Request.
  Time since last request: 3.306896 seconds.
  path: Assets/PackgeManager/low-poly-city-pack/rangeRover/rangeRover.jpg
  artifactKey: Guid(1585a55a547775e459ae0534a25075d0) Importer(815301076,1909f56bfc062723c751e8b465ee728b)
Start importing Assets/PackgeManager/low-poly-city-pack/rangeRover/rangeRover.jpg using Guid(1585a55a547775e459ae0534a25075d0) Importer(815301076,1909f56bfc062723c751e8b465ee728b)  -> (artifact id: 'c34b9d0f4d99f6700f31e317357979d5') in 0.030713 seconds 
========================================================================
Received Import Request.
  Time since last request: 2.633868 seconds.
  path: Assets/PackgeManager/low-poly-city-pack/roadCone/roadCone.jpg
  artifactKey: Guid(2586632226657d242b9e2e3feeebcf2a) Importer(815301076,1909f56bfc062723c751e8b465ee728b)
Start importing Assets/PackgeManager/low-poly-city-pack/roadCone/roadCone.jpg using Guid(2586632226657d242b9e2e3feeebcf2a) Importer(815301076,1909f56bfc062723c751e8b465ee728b)  -> (artifact id: 'e4983f6500cdec82f10bfb89b61ce02b') in 0.014106 seconds 
========================================================================
Received Import Request.
  Time since last request: 0.151479 seconds.
  path: Assets/PackgeManager/low-poly-city-pack/roadCurve/roadCurve.psd
  artifactKey: Guid(a7b19770d9ad6154e8efaf469cdcf5b1) Importer(815301076,1909f56bfc062723c751e8b465ee728b)
Start importing Assets/PackgeManager/low-poly-city-pack/roadCurve/roadCurve.psd using Guid(a7b19770d9ad6154e8efaf469cdcf5b1) Importer(815301076,1909f56bfc062723c751e8b465ee728b)  -> (artifact id: 'b537ecc7f61f38476a66ddd3ae40f447') in 0.021172 seconds 
========================================================================
Received Import Request.
  Time since last request: 0.538477 seconds.
  path: Assets/PackgeManager/low-poly-city-pack/roadStraitNoZebra/roadStraightNoZebra.jpg
  artifactKey: Guid(134c5b31d774f044fb72b9cb8564c4a8) Importer(815301076,1909f56bfc062723c751e8b465ee728b)
Start importing Assets/PackgeManager/low-poly-city-pack/roadStraitNoZebra/roadStraightNoZebra.jpg using Guid(134c5b31d774f044fb72b9cb8564c4a8) Importer(815301076,1909f56bfc062723c751e8b465ee728b)  -> (artifact id: '933d1f414dac9a3288a3ffa971a780a9') in 0.022845 seconds 
========================================================================
Received Import Request.
  Time since last request: 1.939096 seconds.
  path: Assets/PackgeManager/low-poly-city-pack/roadT/roadT.psd
  artifactKey: Guid(e024c751dfc946d49a2c04aa9d34cce6) Importer(815301076,1909f56bfc062723c751e8b465ee728b)
Start importing Assets/PackgeManager/low-poly-city-pack/roadT/roadT.psd using Guid(e024c751dfc946d49a2c04aa9d34cce6) Importer(815301076,1909f56bfc062723c751e8b465ee728b)  -> (artifact id: '303919780efddf36042d283e706e4388') in 0.024575 seconds 
========================================================================
Received Import Request.
  Time since last request: 0.042324 seconds.
  path: Packages/com.unity.collab-proxy/Editor/PlasticSCM/Assets/Images/secondarytabclosehover.png
  artifactKey: Guid(8fac55fff4ce5fa40a7b2efefc0e617a) Importer(815301076,1909f56bfc062723c751e8b465ee728b)
Start importing Packages/com.unity.collab-proxy/Editor/PlasticSCM/Assets/Images/secondarytabclosehover.png using Guid(8fac55fff4ce5fa40a7b2efefc0e617a) Importer(815301076,1909f56bfc062723c751e8b465ee728b)  -> (artifact id: 'fa8dfe908e9552aba22c8a04e0436c64') in 0.044561 seconds 
========================================================================
Received Import Request.
  Time since last request: 1.979302 seconds.
  path: Packages/com.unity.sequences/Editor/Editor Default Resources/Icons/Light/MasterSequence/Sequence.png
  artifactKey: Guid(7338796ae71e05c41baa5861e1c2964d) Importer(815301076,1909f56bfc062723c751e8b465ee728b)
Start importing Packages/com.unity.sequences/Editor/Editor Default Resources/Icons/Light/MasterSequence/Sequence.png using Guid(7338796ae71e05c41baa5861e1c2964d) Importer(815301076,1909f56bfc062723c751e8b465ee728b)  -> (artifact id: 'f3f0256cc7672d4935bbadfb701181b8') in 0.022916 seconds 
========================================================================
Received Import Request.
  Time since last request: 0.055236 seconds.
  path: Packages/com.unity.sequences/Editor/Editor Default Resources/Icons/Common/MasterSequence/Sequence-selected@2x.png
  artifactKey: Guid(e66aaed79a8eaac49bb4d5b1f4e8c2ab) Importer(815301076,1909f56bfc062723c751e8b465ee728b)
Start importing Packages/com.unity.sequences/Editor/Editor Default Resources/Icons/Common/MasterSequence/Sequence-selected@2x.png using Guid(e66aaed79a8eaac49bb4d5b1f4e8c2ab) Importer(815301076,1909f56bfc062723c751e8b465ee728b)  -> (artifact id: '63fbbdbc1e6eac533ba625f156ebe952') in 0.029009 seconds 
========================================================================
Received Import Request.
  Time since last request: 0.410146 seconds.
  path: Packages/com.unity.sequences/Editor/Editor Default Resources/Icons/Light/CollectionType/Set.png
  artifactKey: Guid(78cd0b7cacd1e9749b087d6cf6199f81) Importer(815301076,1909f56bfc062723c751e8b465ee728b)
Start importing Packages/com.unity.sequences/Editor/Editor Default Resources/Icons/Light/CollectionType/Set.png using Guid(78cd0b7cacd1e9749b087d6cf6199f81) Importer(815301076,1909f56bfc062723c751e8b465ee728b)  -> (artifact id: 'b3175d36f4a33056da930e8ce24fef80') in 0.039005 seconds 
========================================================================
Received Import Request.
  Time since last request: 0.047385 seconds.
  path: Packages/com.unity.sequences/Editor/Editor Default Resources/Icons/Common/CollectionType/Set-selected@2x.png
  artifactKey: Guid(a892bde3f9436014383f541180b8989a) Importer(815301076,1909f56bfc062723c751e8b465ee728b)
Start importing Packages/com.unity.sequences/Editor/Editor Default Resources/Icons/Common/CollectionType/Set-selected@2x.png using Guid(a892bde3f9436014383f541180b8989a) Importer(815301076,1909f56bfc062723c751e8b465ee728b)  -> (artifact id: '9978831f0c5530fdae7668bcc767d6ba') in 0.028558 seconds 
========================================================================
Received Import Request.
  Time since last request: 0.085357 seconds.
  path: Packages/com.unity.sequences/Editor/Editor Default Resources/Icons/Light/MasterSequence/Shot.png
  artifactKey: Guid(0bf7035237e599d44bd030bb968513e2) Importer(815301076,1909f56bfc062723c751e8b465ee728b)
Start importing Packages/com.unity.sequences/Editor/Editor Default Resources/Icons/Light/MasterSequence/Shot.png using Guid(0bf7035237e599d44bd030bb968513e2) Importer(815301076,1909f56bfc062723c751e8b465ee728b)  -> (artifact id: '81ec49fc0eebc7a692c7102a2d515e0f') in 0.030152 seconds 
========================================================================
Received Import Request.
  Time since last request: 0.585799 seconds.
  path: Packages/com.unity.sequences/Editor/Editor Default Resources/Icons/Common/MasterSequence/Shot-selected@2x.png
  artifactKey: Guid(baf3ccf82fcbee54fa1f097a280d0d23) Importer(815301076,1909f56bfc062723c751e8b465ee728b)
Start importing Packages/com.unity.sequences/Editor/Editor Default Resources/Icons/Common/MasterSequence/Shot-selected@2x.png using Guid(baf3ccf82fcbee54fa1f097a280d0d23) Importer(815301076,1909f56bfc062723c751e8b465ee728b)  -> (artifact id: '2b1df8fea2b27ca0bdede4a30739f15b') in 0.022737 seconds 
========================================================================
Received Import Request.
  Time since last request: 0.059013 seconds.
  path: Assets/TextMesh Pro/Examples & Extras/Textures/Small Crate_diffuse.jpg
  artifactKey: Guid(602cb87b6a29443b8636370ea0751574) Importer(815301076,1909f56bfc062723c751e8b465ee728b)
Start importing Assets/TextMesh Pro/Examples & Extras/Textures/Small Crate_diffuse.jpg using Guid(602cb87b6a29443b8636370ea0751574) Importer(815301076,1909f56bfc062723c751e8b465ee728b)  -> (artifact id: '9b9aa1dcb50c822afc7428d557878754') in 0.017231 seconds 
========================================================================
Received Import Request.
  Time since last request: 0.047991 seconds.
  path: Packages/com.unity.collab-proxy/Editor/PlasticSCM/Assets/Images/step1.png
  artifactKey: Guid(9ce84ff0fdeb13d4a83f077d075dd9a5) Importer(815301076,1909f56bfc062723c751e8b465ee728b)
Start importing Packages/com.unity.collab-proxy/Editor/PlasticSCM/Assets/Images/step1.png using Guid(9ce84ff0fdeb13d4a83f077d075dd9a5) Importer(815301076,1909f56bfc062723c751e8b465ee728b)  -> (artifact id: 'be40295fdfa5156a0f51d832a8a36bdb') in 0.034932 seconds 
========================================================================
Received Import Request.
  Time since last request: 0.327485 seconds.
  path: Packages/com.unity.collab-proxy/Editor/PlasticSCM/Assets/Images/step2@2x.png
  artifactKey: Guid(0029170d14ce6c04c9f45c22cdae5559) Importer(815301076,1909f56bfc062723c751e8b465ee728b)
Start importing Packages/com.unity.collab-proxy/Editor/PlasticSCM/Assets/Images/step2@2x.png using Guid(0029170d14ce6c04c9f45c22cdae5559) Importer(815301076,1909f56bfc062723c751e8b465ee728b)  -> (artifact id: '155e5994163d6fdd99f079e4b817e807') in 0.040708 seconds 
========================================================================
Received Import Request.
  Time since last request: 0.127511 seconds.
  path: Packages/com.unity.collab-proxy/Editor/PlasticSCM/Assets/Images/stepok.png
  artifactKey: Guid(d4780dc1205c7c7478c970d8c61d24e8) Importer(815301076,1909f56bfc062723c751e8b465ee728b)
Start importing Packages/com.unity.collab-proxy/Editor/PlasticSCM/Assets/Images/stepok.png using Guid(d4780dc1205c7c7478c970d8c61d24e8) Importer(815301076,1909f56bfc062723c751e8b465ee728b)  -> (artifact id: '34d69e246388697939af3aeb32c1fff1') in 0.042765 seconds 
========================================================================
Received Import Request.
  Time since last request: 7.337062 seconds.
  path: Assets/PackgeManager/low-poly-city-pack/stump/stump.psd
  artifactKey: Guid(ddc27aa37f3c399469f6c3197b0ac4c3) Importer(815301076,1909f56bfc062723c751e8b465ee728b)
Start importing Assets/PackgeManager/low-poly-city-pack/stump/stump.psd using Guid(ddc27aa37f3c399469f6c3197b0ac4c3) Importer(815301076,1909f56bfc062723c751e8b465ee728b)  -> (artifact id: 'd8cb722f42f2b7c521a0525f3d74d411') in 0.027641 seconds 
========================================================================
Received Import Request.
  Time since last request: 0.105661 seconds.
  path: Assets/TextMesh Pro/Examples & Extras/Textures/Text Overflow - Linked Text UI Screenshot.png
  artifactKey: Guid(c76d18757a194d618355f05f815cb0a1) Importer(815301076,1909f56bfc062723c751e8b465ee728b)
Start importing Assets/TextMesh Pro/Examples & Extras/Textures/Text Overflow - Linked Text UI Screenshot.png using Guid(c76d18757a194d618355f05f815cb0a1) Importer(815301076,1909f56bfc062723c751e8b465ee728b)  -> (artifact id: '631d3de801f1fd37e24a472e1fbdcc10') in 0.074311 seconds 
========================================================================
Received Import Request.
  Time since last request: 0.164218 seconds.
  path: Packages/com.unity.timeline/Editor/StyleSheets/Images/DarkSkin/TimelineActivation.png
  artifactKey: Guid(359cf58d5969d1a4aad29b095c7fc338) Importer(815301076,1909f56bfc062723c751e8b465ee728b)
Start importing Packages/com.unity.timeline/Editor/StyleSheets/Images/DarkSkin/TimelineActivation.png using Guid(359cf58d5969d1a4aad29b095c7fc338) Importer(815301076,1909f56bfc062723c751e8b465ee728b)  -> (artifact id: 'a378b17c8c270fa702fc786647920a14') in 0.034453 seconds 
========================================================================
Received Import Request.
  Time since last request: 1.269082 seconds.
  path: Packages/com.unity.timeline/Editor/StyleSheets/Images/LightSkin/TimelineAutokey.png
  artifactKey: Guid(af3aec622aef40c45813b39e405966a3) Importer(815301076,1909f56bfc062723c751e8b465ee728b)
Start importing Packages/com.unity.timeline/Editor/StyleSheets/Images/LightSkin/TimelineAutokey.png using Guid(af3aec622aef40c45813b39e405966a3) Importer(815301076,1909f56bfc062723c751e8b465ee728b)  -> (artifact id: '697a2c9aaeee7e71b1df04ec91681621') in 0.046874 seconds 
========================================================================
Received Import Request.
  Time since last request: 2.655840 seconds.
  path: Packages/com.unity.timeline/Editor/StyleSheets/Images/LightSkin/TimelineAutokey_active.png
  artifactKey: Guid(0a5e3e063c4e1ab45999cf6e40c13c07) Importer(815301076,1909f56bfc062723c751e8b465ee728b)
Start importing Packages/com.unity.timeline/Editor/StyleSheets/Images/LightSkin/TimelineAutokey_active.png using Guid(0a5e3e063c4e1ab45999cf6e40c13c07) Importer(815301076,1909f56bfc062723c751e8b465ee728b)  -> (artifact id: 'bd61140b72315fbb64039d77121d0367') in 0.049465 seconds 
========================================================================
Received Import Request.
  Time since last request: 0.047961 seconds.
  path: Packages/com.unity.timeline/Editor/StyleSheets/Images/DarkSkin/TimelineAutokey_active@2x.png
  artifactKey: Guid(183f7b7549219ab47becb461a16df882) Importer(815301076,1909f56bfc062723c751e8b465ee728b)
Start importing Packages/com.unity.timeline/Editor/StyleSheets/Images/DarkSkin/TimelineAutokey_active@2x.png using Guid(183f7b7549219ab47becb461a16df882) Importer(815301076,1909f56bfc062723c751e8b465ee728b)  -> (artifact id: '9ad1c4a56811c15bcf4dc80c9b6142c3') in 0.058036 seconds 
========================================================================
Received Import Request.
  Time since last request: 6.060398 seconds.
  path: Packages/com.unity.timeline/Editor/StyleSheets/Images/Icons/TimelineClipFG.png
  artifactKey: Guid(33b1871a2d09cfa459a93f4e8feb5c41) Importer(815301076,1909f56bfc062723c751e8b465ee728b)
Start importing Packages/com.unity.timeline/Editor/StyleSheets/Images/Icons/TimelineClipFG.png using Guid(33b1871a2d09cfa459a93f4e8feb5c41) Importer(815301076,1909f56bfc062723c751e8b465ee728b)  -> (artifact id: '217bae71d92b21a3c72172dc31eda281') in 0.034306 seconds 
========================================================================
Received Import Request.
  Time since last request: 4.332631 seconds.
  path: Packages/com.unity.timeline/Editor/StyleSheets/Images/LightSkin/TimelineHold.png
  artifactKey: Guid(a09fd8b5d9396c24a96a6de50cddc3b9) Importer(815301076,1909f56bfc062723c751e8b465ee728b)
Start importing Packages/com.unity.timeline/Editor/StyleSheets/Images/LightSkin/TimelineHold.png using Guid(a09fd8b5d9396c24a96a6de50cddc3b9) Importer(815301076,1909f56bfc062723c751e8b465ee728b)  -> (artifact id: 'b3cf731736b18f6d33c803eabe18564b') in 0.026918 seconds 
========================================================================
Received Import Request.
  Time since last request: 0.664628 seconds.
  path: Packages/com.unity.timeline/Editor/StyleSheets/Images/LightSkin/TimelineIconClipOut.png
  artifactKey: Guid(a7a968b204ed77c4ba90be3ef3ee8551) Importer(815301076,1909f56bfc062723c751e8b465ee728b)
Start importing Packages/com.unity.timeline/Editor/StyleSheets/Images/LightSkin/TimelineIconClipOut.png using Guid(a7a968b204ed77c4ba90be3ef3ee8551) Importer(815301076,1909f56bfc062723c751e8b465ee728b)  -> (artifact id: '17b87b473714680700cf5be43daa6019') in 0.072321 seconds 
========================================================================
Received Import Request.
  Time since last request: 0.033184 seconds.
  path: Packages/com.unity.timeline/Editor/StyleSheets/Images/LightSkin/TimelineInfiniteTrackNoShadow.png
  artifactKey: Guid(69ff79f863a32ad44a9497d4896d9d1c) Importer(815301076,1909f56bfc062723c751e8b465ee728b)
Start importing Packages/com.unity.timeline/Editor/StyleSheets/Images/LightSkin/TimelineInfiniteTrackNoShadow.png using Guid(69ff79f863a32ad44a9497d4896d9d1c) Importer(815301076,1909f56bfc062723c751e8b465ee728b)  -> (artifact id: '5b76e2fcd66b3dd6e11c897a336ccc6d') in 0.034249 seconds 
========================================================================
Received Import Request.
  Time since last request: 0.329712 seconds.
  path: Packages/com.unity.timeline/Editor/StyleSheets/Images/DarkSkin/TimelineLoop.png
  artifactKey: Guid(360dded8761e81d4d98c10f469d55492) Importer(815301076,1909f56bfc062723c751e8b465ee728b)
Start importing Packages/com.unity.timeline/Editor/StyleSheets/Images/DarkSkin/TimelineLoop.png using Guid(360dded8761e81d4d98c10f469d55492) Importer(815301076,1909f56bfc062723c751e8b465ee728b)  -> (artifact id: '142aaeb1c46419d775256d3049fabf84') in 0.031607 seconds 
========================================================================
Received Import Request.
  Time since last request: 0.026841 seconds.
  path: Packages/com.unity.timeline/Editor/StyleSheets/Images/LightSkin/TimelineLoop.png
  artifactKey: Guid(c7df1e797b21c774f9b859d17f674737) Importer(815301076,1909f56bfc062723c751e8b465ee728b)
Start importing Packages/com.unity.timeline/Editor/StyleSheets/Images/LightSkin/TimelineLoop.png using Guid(c7df1e797b21c774f9b859d17f674737) Importer(815301076,1909f56bfc062723c751e8b465ee728b)  -> (artifact id: '75b9c154ab3996188b1975720b309d5d') in 0.020780 seconds 
========================================================================
Received Import Request.
  Time since last request: 0.000028 seconds.
  path: Packages/com.unity.timeline/Editor/StyleSheets/Images/LightSkin/TimelineMarkerItem.png
  artifactKey: Guid(24b97c67b63a23b48bea4036d28a5818) Importer(815301076,1909f56bfc062723c751e8b465ee728b)
Start importing Packages/com.unity.timeline/Editor/StyleSheets/Images/LightSkin/TimelineMarkerItem.png using Guid(24b97c67b63a23b48bea4036d28a5818) Importer(815301076,1909f56bfc062723c751e8b465ee728b)  -> (artifact id: '74e9533a7b269695407d6b18e27d5fbc') in 0.080914 seconds 
========================================================================
Received Import Request.
  Time since last request: 0.340272 seconds.
  path: Packages/com.unity.timeline/Editor/StyleSheets/Images/LightSkin/TimelineMarkerItemSelected.png
  artifactKey: Guid(b6e9dc9aad5843748a0124b8925c3743) Importer(815301076,1909f56bfc062723c751e8b465ee728b)
Start importing Packages/com.unity.timeline/Editor/StyleSheets/Images/LightSkin/TimelineMarkerItemSelected.png using Guid(b6e9dc9aad5843748a0124b8925c3743) Importer(815301076,1909f56bfc062723c751e8b465ee728b)  -> (artifact id: 'c3df26fc86769406b532beb8eeb64c92') in 0.060100 seconds 
========================================================================
Received Import Request.
  Time since last request: 0.026573 seconds.
  path: Packages/com.unity.timeline/Editor/StyleSheets/Images/LightSkin/TimelinePingPong.png
  artifactKey: Guid(88d697f38121de443ba144702e5122d9) Importer(815301076,1909f56bfc062723c751e8b465ee728b)
Start importing Packages/com.unity.timeline/Editor/StyleSheets/Images/LightSkin/TimelinePingPong.png using Guid(88d697f38121de443ba144702e5122d9) Importer(815301076,1909f56bfc062723c751e8b465ee728b)  -> (artifact id: '20f9b8036e89049f58be0fe908d52b3e') in 0.030254 seconds 
========================================================================
Received Import Request.
  Time since last request: 0.249662 seconds.
  path: Packages/com.unity.timeline/Editor/StyleSheets/Images/DarkSkin/TimelinePlayRange.png
  artifactKey: Guid(43eeff8a446b32242a4fb1a5c1bd7b8e) Importer(815301076,1909f56bfc062723c751e8b465ee728b)
Start importing Packages/com.unity.timeline/Editor/StyleSheets/Images/DarkSkin/TimelinePlayRange.png using Guid(43eeff8a446b32242a4fb1a5c1bd7b8e) Importer(815301076,1909f56bfc062723c751e8b465ee728b)  -> (artifact id: '50654a5b497d149c979379d780e5a934') in 0.029643 seconds 
========================================================================
Received Import Request.
  Time since last request: 0.431773 seconds.
  path: Packages/com.unity.timeline/Editor/StyleSheets/Images/Icons/TimelineSignal.png
  artifactKey: Guid(15845fb26c2846947b4dedb9fb348cc1) Importer(815301076,1909f56bfc062723c751e8b465ee728b)
Start importing Packages/com.unity.timeline/Editor/StyleSheets/Images/Icons/TimelineSignal.png using Guid(15845fb26c2846947b4dedb9fb348cc1) Importer(815301076,1909f56bfc062723c751e8b465ee728b)  -> (artifact id: '31cb548e0649e22f5130060207a6efbc') in 0.032464 seconds 
========================================================================
Received Import Request.
  Time since last request: 0.053882 seconds.
  path: Packages/com.unity.timeline/Editor/StyleSheets/Images/LightSkin/TimelineSignalSelected.png
  artifactKey: Guid(1a7852b1b33b816498b6af1e739f5995) Importer(815301076,1909f56bfc062723c751e8b465ee728b)
Start importing Packages/com.unity.timeline/Editor/StyleSheets/Images/LightSkin/TimelineSignalSelected.png using Guid(1a7852b1b33b816498b6af1e739f5995) Importer(815301076,1909f56bfc062723c751e8b465ee728b)  -> (artifact id: '1c24bcece67011cbed62d627675d3cd9') in 0.021704 seconds 
========================================================================
Received Import Request.
  Time since last request: 0.562896 seconds.
  path: Packages/com.unity.timeline/Editor/StyleSheets/Images/DarkSkin/TimelineStartPlayback.png
  artifactKey: Guid(5060c9f9eb2f7ee4695b638a21d8fe01) Importer(815301076,1909f56bfc062723c751e8b465ee728b)
Start importing Packages/com.unity.timeline/Editor/StyleSheets/Images/DarkSkin/TimelineStartPlayback.png using Guid(5060c9f9eb2f7ee4695b638a21d8fe01) Importer(815301076,1909f56bfc062723c751e8b465ee728b)  -> (artifact id: '3d5caa1e6a96129f399d96aba1ebf32c') in 0.050299 seconds 
========================================================================
Received Import Request.
  Time since last request: 0.277682 seconds.
  path: Packages/com.unity.timeline/Editor/StyleSheets/Images/DarkSkin/TimelineTimeCursor.png
  artifactKey: Guid(3b9e9b3d9ade166499e7a17109ca73bf) Importer(815301076,1909f56bfc062723c751e8b465ee728b)
Start importing Packages/com.unity.timeline/Editor/StyleSheets/Images/DarkSkin/TimelineTimeCursor.png using Guid(3b9e9b3d9ade166499e7a17109ca73bf) Importer(815301076,1909f56bfc062723c751e8b465ee728b)  -> (artifact id: 'b363c9db1d44be2f6d7a2a3fd37e42f2') in 0.035007 seconds 
========================================================================
Received Import Request.
  Time since last request: 0.203956 seconds.
  path: Packages/com.unity.textmeshpro/Editor Resources/Gizmos/TMP - Font Asset Icon.psd
  artifactKey: Guid(ee148e281f3c41c5b4ff5f8a5afe5a6c) Importer(815301076,1909f56bfc062723c751e8b465ee728b)
Start importing Packages/com.unity.textmeshpro/Editor Resources/Gizmos/TMP - Font Asset Icon.psd using Guid(ee148e281f3c41c5b4ff5f8a5afe5a6c) Importer(815301076,1909f56bfc062723c751e8b465ee728b)  -> (artifact id: '00cf16aa4ee3f631a74841dd7fc090d4') in 0.030882 seconds 
========================================================================
Received Import Request.
  Time since last request: 3.772923 seconds.
  path: Assets/PackgeManager/low-poly-city-pack/trashCan/trashCan.psd
  artifactKey: Guid(09cdcc1d5f377064f92a962ffdb913a9) Importer(815301076,1909f56bfc062723c751e8b465ee728b)
Start importing Assets/PackgeManager/low-poly-city-pack/trashCan/trashCan.psd using Guid(09cdcc1d5f377064f92a962ffdb913a9) Importer(815301076,1909f56bfc062723c751e8b465ee728b)  -> (artifact id: '232c28bd4d1b7270ee2578fa9895244d') in 0.020633 seconds 
========================================================================
Received Import Request.
  Time since last request: 0.460951 seconds.
  path: Assets/PackgeManager/low-poly-city-pack/trashContainer/trashContainerOpen.psd
  artifactKey: Guid(291b6d53e4629c54ea25189d1aac0c60) Importer(815301076,1909f56bfc062723c751e8b465ee728b)
Start importing Assets/PackgeManager/low-poly-city-pack/trashContainer/trashContainerOpen.psd using Guid(291b6d53e4629c54ea25189d1aac0c60) Importer(815301076,1909f56bfc062723c751e8b465ee728b)  -> (artifact id: 'c8027e4638a30da998d7a3965ddfc44c') in 0.022831 seconds 
========================================================================
Received Import Request.
  Time since last request: 0.075648 seconds.
  path: Assets/PackgeManager/low-poly-city-pack/treeBirch/treeBirch.png
  artifactKey: Guid(d702404b6af6ffe4b9a17b8f7338597a) Importer(815301076,1909f56bfc062723c751e8b465ee728b)
Start importing Assets/PackgeManager/low-poly-city-pack/treeBirch/treeBirch.png using Guid(d702404b6af6ffe4b9a17b8f7338597a) Importer(815301076,1909f56bfc062723c751e8b465ee728b)  -> (artifact id: '74d3679ea5a909e8cf218ec735ea744b') in 0.071491 seconds 
========================================================================
Received Import Request.
  Time since last request: 0.000022 seconds.
  path: Assets/PackgeManager/low-poly-city-pack/treeDark/treeDark.png
  artifactKey: Guid(e3f6aa24b7a3ab140bf656f86593d76e) Importer(815301076,1909f56bfc062723c751e8b465ee728b)
Start importing Assets/PackgeManager/low-poly-city-pack/treeDark/treeDark.png using Guid(e3f6aa24b7a3ab140bf656f86593d76e) Importer(815301076,1909f56bfc062723c751e8b465ee728b)  -> (artifact id: '50493e0f947f815958807b1a9606a877') in 0.019109 seconds 
========================================================================
Received Import Request.
  Time since last request: 4.948483 seconds.
  path: Assets/PackgeManager/low-poly-city-pack/treePine/treePine.psd
  artifactKey: Guid(7e46a38de4cc1404ca9971e93ead29ba) Importer(815301076,1909f56bfc062723c751e8b465ee728b)
Start importing Assets/PackgeManager/low-poly-city-pack/treePine/treePine.psd using Guid(7e46a38de4cc1404ca9971e93ead29ba) Importer(815301076,1909f56bfc062723c751e8b465ee728b)  -> (artifact id: '744749688d45e3971cf65153d4963511') in 0.029085 seconds 
========================================================================
Received Import Request.
  Time since last request: 0.104400 seconds.
  path: Assets/PackgeManager/low-poly-city-pack/treePine/treePineOpacity.jpg
  artifactKey: Guid(6d059d5113adeaf43a8d561146f43485) Importer(815301076,1909f56bfc062723c751e8b465ee728b)
Start importing Assets/PackgeManager/low-poly-city-pack/treePine/treePineOpacity.jpg using Guid(6d059d5113adeaf43a8d561146f43485) Importer(815301076,1909f56bfc062723c751e8b465ee728b)  -> (artifact id: 'b835a58767f91221ea3d213360b5d122') in 0.022719 seconds 
========================================================================
Received Import Request.
  Time since last request: 0.553076 seconds.
  path: Assets/PackgeManager/low-poly-city-pack/treeWide/treeWide.psd
  artifactKey: Guid(ca87927120af7014da22126bf760cc46) Importer(815301076,1909f56bfc062723c751e8b465ee728b)
Start importing Assets/PackgeManager/low-poly-city-pack/treeWide/treeWide.psd using Guid(ca87927120af7014da22126bf760cc46) Importer(815301076,1909f56bfc062723c751e8b465ee728b)  -> (artifact id: '4157290e7255ad39ee35103ab855dafe') in 0.029420 seconds 
========================================================================
Received Import Request.
  Time since last request: 0.114835 seconds.
  path: Assets/PackgeManager/low-poly-city-pack/wareHouse/warehouse.psd
  artifactKey: Guid(372c9c7da76cd7b4e9af097596253cd8) Importer(815301076,1909f56bfc062723c751e8b465ee728b)
Start importing Assets/PackgeManager/low-poly-city-pack/wareHouse/warehouse.psd using Guid(372c9c7da76cd7b4e9af097596253cd8) Importer(815301076,1909f56bfc062723c751e8b465ee728b)  -> (artifact id: '25f7755d89b9000c9ef64155f4c61fa1') in 0.027958 seconds 
========================================================================
Received Import Request.
  Time since last request: 0.436650 seconds.
  path: Assets/PackgeManager/low-poly-city-pack/waterTank/waterTank.psd
  artifactKey: Guid(5655f6b51d8fbb64ba24b8628f0fe11c) Importer(815301076,1909f56bfc062723c751e8b465ee728b)
Start importing Assets/PackgeManager/low-poly-city-pack/waterTank/waterTank.psd using Guid(5655f6b51d8fbb64ba24b8628f0fe11c) Importer(815301076,1909f56bfc062723c751e8b465ee728b)  -> (artifact id: '88d61fbaf8109c7c2297fb30c5d3c2c7') in 0.022094 seconds 
========================================================================
Received Import Request.
  Time since last request: 0.117946 seconds.
  path: Assets/TextMesh Pro/Examples & Extras/Textures/Wipe Pattern - Radial Double.psd
  artifactKey: Guid(7631f4eff8f74ed38eb3eb9db17134e1) Importer(815301076,1909f56bfc062723c751e8b465ee728b)
Start importing Assets/TextMesh Pro/Examples & Extras/Textures/Wipe Pattern - Radial Double.psd using Guid(7631f4eff8f74ed38eb3eb9db17134e1) Importer(815301076,1909f56bfc062723c751e8b465ee728b)  -> (artifact id: 'ae82aefc25c993dc15359d63230947e3') in 0.022330 seconds 
Editor requested this worker to shutdown with reason: Scaling down because of idle timeout
AssetImportWorker is now disconnected from the server
Process exiting
Exiting without the bug reporter. Application will terminate with return code 0